ft_memset:     [OK] [OK] [OK] [OK] [OK] [OK] [OK] 
ft_bzero:      [OK] [OK] [OK] [OK] 
ft_memcpy:     [OK] [OK] [OK] [OK] [OK] [OK] [OK] [OK] [OK] [OK] [OK] 
ft_memccpy:    [OK] [OK] [OK] [OK] [OK] [OK] [OK] [OK] [OK] [OK] [OK] [OK] 
ft_memmove:    [OK] [OK] [OK] [OK] [OK] [OK] [OK] [OK] [OK] [OK] [OK] [OK] [OK] [OK] 
ft_memchr:     [OK] [OK] [OK] [OK] [OK] [OK] [OK] [OK] 
ft_memcmp:     [OK] [OK] [OK] [OK] [OK] [OK] [OK] [OK] [OK] [OK] 
ft_strlen:     [OK] [OK] [OK] [OK] [OK] [OK] [OK] [OK] [OK] 
ft_isalpha:    [OK] 
ft_isdigit:    [OK] 
ft_isalnum:    [FAILED] 
[fail]: your isalnum just doesn't work, REALLY ?!
Test code:
	int i;

	i = -1;
	while (i < 530)
	{
		if (!!ft_isalnum(i) != !!((*__ctype_b_loc ())[(int) ((i))] & (unsigned short int) _ISalnum))
			exit(TEST_FAILED);
		i++;
	}
	exit(TEST_SUCCESS);

Diffs:


ft_isascii:    [OK] 
ft_isprint:    [OK] 
ft_toupper:    [OK] 
ft_tolower:    [OK] 
ft_strchr:     [OK] [OK] [OK] [OK] [OK] [OK] [OK] [OK] [OK] [OK] 
ft_strrchr:    [OK] [OK] [OK] [OK] [OK] [OK] [OK] [OK] 
ft_strncmp:    [OK] [OK] [OK] [OK] [OK] [OK] [OK] [OK] [OK] [OK] [OK] [OK] [OK] [OK] 
ft_strlcpy:    [MISSING]
ft_strlcat:    [MISSING]
ft_strnstr:    [OK] [OK] [OK] [OK] [OK] [OK] [OK] [OK] [OK] [OK] [OK] [OK] [OK] [OK] 
ft_atoi:       [OK] [FAILED] [OK] [FAILED] [OK] [FAILED] [FAILED] [OK] [FAILED] [OK] [OK] [KO] [OK] [KO] [OK] [OK] [OK] 
[fail]: your atoi does not work with negative numbers
Test code:
	char *n = "-085";
	int i1 = atoi(n);
	int i2 = ft_atoi(n);

	if (i1 == i2)
		exit(TEST_SUCCESS);
	exit(TEST_FAILED);

Diffs:
        atoi: |-85|
     ft_atoi: |0|

[fail]: your atoi is not working with blanks
Test code:
	char *n = "\t\v\f\r\n \f-06050";
	int i1 = atoi(n);
	int i2 = ft_atoi(n);

	if (i1 == i2)
		exit(TEST_SUCCESS);
	exit(TEST_FAILED);

Diffs:
        atoi: |-6050|
     ft_atoi: |0|

[fail]: your atoi is not working with non space invisible char
Test code:
	char *n = "\e06050";
	int i1 = atoi(n);
	int i2 = ft_atoi(n);

	if (i1 == i2)
		exit(TEST_SUCCESS);
	exit(TEST_FAILED);

Diffs:
        atoi: |0|
     ft_atoi: |6050|

[fail]: your atoi is not working with blanks
Test code:
	char *n = "-123THERE IS A NYANCAT UNDER YOUR BED";
	int i1 = atoi(n);
	int i2 = ft_atoi(n);

	if (i1 == i2)
		exit(TEST_SUCCESS);
	exit(TEST_FAILED);

Diffs:
        atoi: |-123|
     ft_atoi: |0|

[fail]: your atoi does not work with int min value
Test code:
	char n[15];

	sprintf(n, "%i", (-2147483647 -1));
	int i1 = atoi(n);
	int i2 = ft_atoi(n);
	if (i1 == i2)
		exit(TEST_SUCCESS);
	exit(TEST_FAILED);

Diffs:
        atoi: |-2147483648|
     ft_atoi: |0|

[KO]: your atoi does not work with over long max value
Test code:
	char n[40] = "99999999999999999999999999";
	int i1 = atoi(n);
	int i2 = ft_atoi(n);

	if (i1 == i2)
		exit(TEST_SUCCESS);
	exit(TEST_KO);

Diffs:
        atoi: |-1|
     ft_atoi: |-469762049|

[KO]: your atoi does not work with the plus sign
Test code:
	char n[40] = "+1234";
	int i1 = atoi(n);
	int i2 = ft_atoi(n);

	if (i1 == i2)
		exit(TEST_SUCCESS);
	exit(TEST_KO);

Diffs:
        atoi: |1234|
     ft_atoi: |0|

ft_calloc:     [OK] [OK] [OK] [OK] [OK] 
ft_strdup:     [OK] [OK] [OK] [OK] [OK] [OK] [OK] 
ft_substr:     [OK] [OK] [OK] [OK] [OK] [OK] [OK] [OK] {protected}[OK] 
ft_strjoin:    [OK] [OK] [OK] [OK] [OK] {protected}
ft_strtrim:    [MISSING]
ft_split:      [MISSING]
ft_itoa:       [MISSING]
ft_strmapi:    [OK] [OK] [OK] [OK] [OK] {protected}
ft_putchar_fd: [OK] [OK] 
ft_putstr_fd:  [OK] [OK] {protected}
ft_putendl_fd: [OK] [OK] {protected}
ft_putnbr_fd:  [OK] [OK] [OK] [OK] [OK] 
ft_lstnew:     [MISSING]
ft_lstadd_front: [MISSING]
ft_lstsize:    [MISSING]
ft_lstlast:    [MISSING]
ft_lstadd_back:[MISSING]
ft_lstdelone:  [MISSING]
ft_lstclear:   [MISSING]
ft_lstiter:    [MISSING]
ft_lstmap:     [MISSING]
ft_memalloc:   [OK] [OK] [OK] [OK] [OK] 
ft_strcpy:     [OK] [OK] [OK] [OK] [OK] [OK] [OK] [OK] [OK] 
ft_strncpy:    [OK] [OK] [OK] [OK] [OK] [OK] [OK] [OK] [OK] [OK] [OK] 
ft_strcat:     [OK] [OK] [OK] [OK] [OK] [OK] [OK] [OK] [OK] [OK] 
ft_strncat:    [OK] [OK] [OK] [OK] [OK] [OK] [OK] [OK] [OK] [OK] [OK] 
ft_strstr:     [OK] [OK] [OK] [OK] [OK] [OK] [OK] [OK] [OK] [OK] [OK] [OK] [OK] [OK] [OK] 
ft_strcmp:     [OK] [OK] [OK] [OK] [OK] [OK] [OK] [OK] [OK] [OK] [OK] [OK] 
ft_memdel:     [OK] [OK] {protected}
ft_strnew:     [OK] [OK] [OK] [OK] 
ft_strdel:     [OK] [OK] {protected}
ft_strclr:     [OK] {protected}
ft_striter:    [OK] [OK] {protected}
ft_striteri:   [OK] [OK] {protected}
ft_strmap:     [OK] [OK] [OK] [OK] [OK] {protected}
ft_strequ:     [OK] [OK] [OK] [OK] {not protected}
ft_strnequ:    [OK] [OK] [OK] [OK] {not protected}
ft_putchar:    [OK] [OK] [KO] 
[KO]: your putchar does not work with unicode
Test code:
	char buff[10];
	char buff2[10];
	int len = 0;
	int i = 0;

	while (haiku_0[i++])
	{
		wchar_t c = haiku_0[i];
		putwchart(c, &len, buff2);
		buff2[len] = 0;
		fd_to_buffer(1);
		ft_putchar(c);
		write(1, "", 1);
		get_fd_buffer(1, buff, 10);
		if (strcmp(buff, buff2))
		{
			exit(TEST_KO);
		}
	}
	exit(TEST_SUCCESS);

Diffs:
     putchar: |池|
  ft_putchar: |`|

ft_putstr:     [OK] [OK] {protected}
ft_putendl:    [OK] [OK] {protected}
ft_putnbr:     [OK] [OK] [OK] [OK] [OK] 
